#
# There is insufficient memory for the Java Runtime Environment to continue.
# Native memory allocation (mmap) failed to map 65536 bytes for Failed to commit metaspace.
# Possible reasons:
#   The system is out of physical RAM or swap space
#   The process is running with CompressedOops enabled, and the Java Heap may be blocking the growth of the native heap
# Possible solutions:
#   Reduce memory load on the system
#   Increase physical memory or swap space
#   Check if swap backing store is full
#   Decrease Java heap size (-Xmx/-Xms)
#   Decrease number of Java threads
#   Decrease Java thread stack sizes (-Xss)
#   Set larger code cache with -XX:ReservedCodeCacheSize=
#   JVM is running with Unscaled Compressed Oops mode in which the Java heap is
#     placed in the first 4GB address space. The Java Heap base address is the
#     maximum limit for the native heap growth. Please use -XX:HeapBaseMinAddress
#     to set the Java Heap base and to place the Java Heap above 4GB virtual address.
# This output file may be truncated or incomplete.
#
#  Out of Memory Error (virtualSpaceNode.cpp:110), pid=19244, tid=9964
#
# JRE version: Java(TM) SE Runtime Environment (20.0.1+9) (build 20.0.1+9-29)
# Java VM: Java HotSpot(TM) 64-Bit Server VM (20.0.1+9-29, mixed mode, tiered, compressed oops, compressed class ptrs, g1 gc, windows-amd64)
# No core dump will be written. Minidumps are not enabled by default on client versions of Windows
#

---------------  S U M M A R Y ------------

Command Line: -javaagent:C:\Program Files\JetBrains\IntelliJ IDEA 2023.2.5\lib\idea_rt.jar=51593:C:\Program Files\JetBrains\IntelliJ IDEA 2023.2.5\bin -Dfile.encoding=UTF-8 -Dsun.stdout.encoding=UTF-8 -Dsun.stderr.encoding=UTF-8 Main

Host: Intel(R) Core(TM) i5-7440HQ CPU @ 2.80GHz, 4 cores, 7G,  Windows 10 , 64 bit Build 19041 (10.0.19041.3570)
Time: Wed Nov 15 00:10:57 2023 Egypt Standard Time elapsed time: 1.203641 seconds (0d 0h 0m 1s)

---------------  T H R E A D  ---------------

Current thread (0x000002c220f2e9c0):  JavaThread "main" [_thread_in_vm, id=9964, stack(0x000000f3a0800000,0x000000f3a0900000)]

Stack: [0x000000f3a0800000,0x000000f3a0900000]
Native frames: (J=compiled Java code, j=interpreted, Vv=VM code, C=native code)
V  [jvm.dll+0x6bb95a]
V  [jvm.dll+0x8485fa]
V  [jvm.dll+0x84a1f5]
V  [jvm.dll+0x84a8f3]
V  [jvm.dll+0x280b0f]
V  [jvm.dll+0x84453b]
V  [jvm.dll+0x65fd86]
V  [jvm.dll+0x65fdea]
V  [jvm.dll+0x6626c3]
V  [jvm.dll+0x66258e]
V  [jvm.dll+0x66079e]
V  [jvm.dll+0x26c66f]
V  [jvm.dll+0x66add5]
V  [jvm.dll+0x21b442]
V  [jvm.dll+0x21b975]
V  [jvm.dll+0x21c361]
V  [jvm.dll+0x211780]
V  [jvm.dll+0x59c26c]
V  [jvm.dll+0x222d6a]
V  [jvm.dll+0x7c2cb4]
V  [jvm.dll+0x7c3dff]
V  [jvm.dll+0x7c43af]
V  [jvm.dll+0x7c4058]
V  [jvm.dll+0x27024b]
V  [jvm.dll+0x27046f]
V  [jvm.dll+0x5bdc98]
V  [jvm.dll+0x5c0bf7]
V  [jvm.dll+0x3dc020]
V  [jvm.dll+0x3db65f]
C  0x000002c23053e6c0

Java frames: (J=compiled Java code, j=interpreted, Vv=VM code)
j  sun.net.InetAddressCachePolicy$1.run()Ljava/lang/Integer;+2 java.base@20.0.1
j  sun.net.InetAddressCachePolicy$1.run()Ljava/lang/Object;+1 java.base@20.0.1
j  java.security.AccessController.executePrivileged(Ljava/security/PrivilegedAction;Ljava/security/AccessControlContext;Ljava/lang/Class;)Ljava/lang/Object;+29 java.base@20.0.1
j  java.security.AccessController.doPrivileged(Ljava/security/PrivilegedAction;)Ljava/lang/Object;+5 java.base@20.0.1
j  sun.net.InetAddressCachePolicy.<clinit>()V+15 java.base@20.0.1
v  ~StubRoutines::call_stub 0x000002c23051100d
j  java.net.InetAddress$NameServiceAddresses.get()[Ljava/net/InetAddress;+45 java.base@20.0.1
j  java.net.InetAddress.getAllByName0(Ljava/lang/String;ZZ)[Ljava/net/InetAddress;+201 java.base@20.0.1
j  java.net.InetAddress.getAllByName(Ljava/lang/String;)[Ljava/net/InetAddress;+349 java.base@20.0.1
j  com.mysql.cj.protocol.StandardSocketFactory.connect(Ljava/lang/String;ILcom/mysql/cj/conf/PropertySet;I)Ljava/io/Closeable;+104
j  com.mysql.cj.protocol.a.NativeSocketConnection.connect(Ljava/lang/String;ILcom/mysql/cj/conf/PropertySet;Lcom/mysql/cj/exceptions/ExceptionInterceptor;Lcom/mysql/cj/log/Log;I)V+59
j  com.mysql.cj.NativeSession.connect(Lcom/mysql/cj/conf/HostInfo;Ljava/lang/String;Ljava/lang/String;Ljava/lang/String;ILcom/mysql/cj/TransactionEventHandler;)V+49
j  com.mysql.cj.jdbc.ConnectionImpl.connectOneTryOnly(Z)V+32
j  com.mysql.cj.jdbc.ConnectionImpl.createNewIO(Z)V+27
j  com.mysql.cj.jdbc.ConnectionImpl.<init>(Lcom/mysql/cj/conf/HostInfo;)V+753
j  com.mysql.cj.jdbc.ConnectionImpl.getInstance(Lcom/mysql/cj/conf/HostInfo;)Lcom/mysql/cj/jdbc/JdbcConnection;+5
j  com.mysql.cj.jdbc.NonRegisteringDriver.connect(Ljava/lang/String;Ljava/util/Properties;)Ljava/sql/Connection;+72
j  java.sql.DriverManager.getConnection(Ljava/lang/String;Ljava/util/Properties;Ljava/lang/Class;)Ljava/sql/Connection;+133 java.sql@20.0.1
j  java.sql.DriverManager.getConnection(Ljava/lang/String;Ljava/lang/String;Ljava/lang/String;)Ljava/sql/Connection;+37 java.sql@20.0.1
j  DatabaseService.<init>()V+16
j  DatabaseService.getInstance()LDatabaseService;+10
j  Authentication.<init>()V+17
j  Authentication.getInstance()LAuthentication;+10
j  Engine.<init>()V+5
j  Main.main([Ljava/lang/String;)V+4
v  ~StubRoutines::call_stub 0x000002c23051100d

---------------  P R O C E S S  ---------------

Threads class SMR info:
_java_thread_list=0x000002c2418fcae0, length=14, elements={
0x000002c220f2e9c0, 0x000002c2414448f0, 0x000002c2414456f0, 0x000002c241449050,
0x000002c241449990, 0x000002c24144a2d0, 0x000002c24144ac10, 0x000002c24144b880,
0x000002c2414b6e90, 0x000002c2415f5020, 0x000002c241739450, 0x000002c24179b0c0,
0x000002c2417f8ca0, 0x000002c2418e70c0
}

Java Threads: ( => current thread )
=>0x000002c220f2e9c0 JavaThread "main" [_thread_in_vm, id=9964, stack(0x000000f3a0800000,0x000000f3a0900000)]
  0x000002c2414448f0 JavaThread "Reference Handler" daemon [_thread_blocked, id=12888, stack(0x000000f3a1000000,0x000000f3a1100000)]
  0x000002c2414456f0 JavaThread "Finalizer" daemon [_thread_blocked, id=15192, stack(0x000000f3a1100000,0x000000f3a1200000)]
  0x000002c241449050 JavaThread "Signal Dispatcher" daemon [_thread_blocked, id=11356, stack(0x000000f3a1200000,0x000000f3a1300000)]
  0x000002c241449990 JavaThread "Attach Listener" daemon [_thread_blocked, id=13020, stack(0x000000f3a1300000,0x000000f3a1400000)]
  0x000002c24144a2d0 JavaThread "Service Thread" daemon [_thread_blocked, id=8520, stack(0x000000f3a1400000,0x000000f3a1500000)]
  0x000002c24144ac10 JavaThread "Monitor Deflation Thread" daemon [_thread_blocked, id=14976, stack(0x000000f3a1500000,0x000000f3a1600000)]
  0x000002c24144b880 JavaThread "C2 CompilerThread0" daemon [_thread_blocked, id=16912, stack(0x000000f3a1600000,0x000000f3a1700000)]
  0x000002c2414b6e90 JavaThread "C1 CompilerThread0" daemon [_thread_blocked, id=3752, stack(0x000000f3a1700000,0x000000f3a1800000)]
  0x000002c2415f5020 JavaThread "Common-Cleaner" daemon [_thread_blocked, id=17220, stack(0x000000f3a1800000,0x000000f3a1900000)]
  0x000002c241739450 JavaThread "Monitor Ctrl-Break" daemon [_thread_in_native, id=1260, stack(0x000000f3a1900000,0x000000f3a1a00000)]
  0x000002c24179b0c0 JavaThread "Notification Thread" daemon [_thread_blocked, id=15120, stack(0x000000f3a1a00000,0x000000f3a1b00000)]
  0x000002c2417f8ca0 JavaThread "mysql-cj-abandoned-connection-cleanup" daemon [_thread_blocked, id=11000, stack(0x000000f3a1c00000,0x000000f3a1d00000)]
  0x000002c2418e70c0 JavaThread "C2 CompilerThread1" daemon [_thread_blocked, id=16772, stack(0x000000f3a1d00000,0x000000f3a1e00000)]

Other Threads:
  0x000002c23d041230 VMThread "VM Thread" [stack: 0x000000f3a0f00000,0x000000f3a1000000] [id=8264]
  0x000002c220f2f6c0 WatcherThread "VM Periodic Task Thread" [stack: 0x000000f3a1b00000,0x000000f3a1c00000] [id=18396]
  0x000002c220f8aa70 WorkerThread "GC Thread#0" [stack: 0x000000f3a0a00000,0x000000f3a0b00000] [id=6700]
  0x000002c220f9b600 ConcurrentGCThread "G1 Main Marker" [stack: 0x000000f3a0b00000,0x000000f3a0c00000] [id=17956]
  0x000002c220f9c030 WorkerThread "G1 Conc#0" [stack: 0x000000f3a0c00000,0x000000f3a0d00000] [id=18492]
  0x000002c220fee740 ConcurrentGCThread "G1 Refine#0" [stack: 0x000000f3a0d00000,0x000000f3a0e00000] [id=3728]
  0x000002c23ceed370 ConcurrentGCThread "G1 Service" [stack: 0x000000f3a0e00000,0x000000f3a0f00000] [id=2224]

Threads with active compile tasks:

VM state: not at safepoint (normal execution)

VM Mutex/Monitor currently owned by a thread:  ([mutex/lock_event])
[0x000002c220f19e40] Metaspace_lock - owner thread: 0x000002c220f2e9c0

Heap address: 0x0000000081c00000, size: 2020 MB, Compressed Oops mode: 32-bit

CDS archive(s) not mapped
Compressed class space mapped at: 0x0000000100000000-0x0000000140000000, reserved size: 1073741824
Narrow klass base: 0x0000000000000000, Narrow klass shift: 3, Narrow klass range: 0x140000000

GC Precious Log:
 CardTable entry size: 512
 Card Set container configuration: InlinePtr #cards 5 size 8 Array Of Cards #cards 12 size 40 Howl #buckets 4 coarsen threshold 1843 Howl Bitmap #cards 512 size 80 coarsen threshold 460 Card regions per heap region 1 cards per card region 2048
 CPUs: 4 total, 4 available
 Memory: 8073M
 Large Page Support: Disabled
 NUMA Support: Disabled
 Compressed Oops: Enabled (32-bit)
 Heap Region Size: 1M
 Heap Min Capacity: 8M
 Heap Initial Capacity: 128M
 Heap Max Capacity: 2020M
 Pre-touch: Disabled
 Parallel Workers: 4
 Concurrent Workers: 1
 Concurrent Refinement Workers: 4
 Periodic GC: Disabled

Heap:
 garbage-first heap   total 131072K, used 7168K [0x0000000081c00000, 0x0000000100000000)
  region size 1024K, 8 young (8192K), 0 survivors (0K)
 Metaspace       used 10748K, committed 10880K, reserved 1114112K
  class space    used 923K, committed 1024K, reserved 1048576K

Heap Regions: E=young(eden), S=young(survivor), O=old, HS=humongous(starts), HC=humongous(continues), CS=collection set, F=free, OA=open archive, CA=closed archive, TAMS=top-at-mark-start, PB=parsable bottom
|   0|0x0000000081c00000, 0x0000000081c00000, 0x0000000081d00000|  0%| F|  |TAMS 0x0000000081c00000| PB 0x0000000081c00000| Untracked 
|   1|0x0000000081d00000, 0x0000000081d00000, 0x0000000081e00000|  0%| F|  |TAMS 0x0000000081d00000| PB 0x0000000081d00000| Untracked 
|   2|0x0000000081e00000, 0x0000000081e00000, 0x0000000081f00000|  0%| F|  |TAMS 0x0000000081e00000| PB 0x0000000081e00000| Untracked 
|   3|0x0000000081f00000, 0x0000000081f00000, 0x0000000082000000|  0%| F|  |TAMS 0x0000000081f00000| PB 0x0000000081f00000| Untracked 
|   4|0x0000000082000000, 0x0000000082000000, 0x0000000082100000|  0%| F|  |TAMS 0x0000000082000000| PB 0x0000000082000000| Untracked 
|   5|0x0000000082100000, 0x0000000082100000, 0x0000000082200000|  0%| F|  |TAMS 0x0000000082100000| PB 0x0000000082100000| Untracked 
|   6|0x0000000082200000, 0x0000000082200000, 0x0000000082300000|  0%| F|  |TAMS 0x0000000082200000| PB 0x0000000082200000| Untracked 
|   7|0x0000000082300000, 0x0000000082300000, 0x0000000082400000|  0%| F|  |TAMS 0x0000000082300000| PB 0x0000000082300000| Untracked 
|   8|0x0000000082400000, 0x0000000082400000, 0x0000000082500000|  0%| F|  |TAMS 0x0000000082400000| PB 0x0000000082400000| Untracked 
|   9|0x0000000082500000, 0x0000000082500000, 0x0000000082600000|  0%| F|  |TAMS 0x0000000082500000| PB 0x0000000082500000| Untracked 
|  10|0x0000000082600000, 0x0000000082600000, 0x0000000082700000|  0%| F|  |TAMS 0x0000000082600000| PB 0x0000000082600000| Untracked 
|  11|0x0000000082700000, 0x0000000082700000, 0x0000000082800000|  0%| F|  |TAMS 0x0000000082700000| PB 0x0000000082700000| Untracked 
|  12|0x0000000082800000, 0x0000000082800000, 0x0000000082900000|  0%| F|  |TAMS 0x0000000082800000| PB 0x0000000082800000| Untracked 
|  13|0x0000000082900000, 0x0000000082900000, 0x0000000082a00000|  0%| F|  |TAMS 0x0000000082900000| PB 0x0000000082900000| Untracked 
|  14|0x0000000082a00000, 0x0000000082a00000, 0x0000000082b00000|  0%| F|  |TAMS 0x0000000082a00000| PB 0x0000000082a00000| Untracked 
|  15|0x0000000082b00000, 0x0000000082b00000, 0x0000000082c00000|  0%| F|  |TAMS 0x0000000082b00000| PB 0x0000000082b00000| Untracked 
|  16|0x0000000082c00000, 0x0000000082c00000, 0x0000000082d00000|  0%| F|  |TAMS 0x0000000082c00000| PB 0x0000000082c00000| Untracked 
|  17|0x0000000082d00000, 0x0000000082d00000, 0x0000000082e00000|  0%| F|  |TAMS 0x0000000082d00000| PB 0x0000000082d00000| Untracked 
|  18|0x0000000082e00000, 0x0000000082e00000, 0x0000000082f00000|  0%| F|  |TAMS 0x0000000082e00000| PB 0x0000000082e00000| Untracked 
|  19|0x0000000082f00000, 0x0000000082f00000, 0x0000000083000000|  0%| F|  |TAMS 0x0000000082f00000| PB 0x0000000082f00000| Untracked 
|  20|0x0000000083000000, 0x0000000083000000, 0x0000000083100000|  0%| F|  |TAMS 0x0000000083000000| PB 0x0000000083000000| Untracked 
|  21|0x0000000083100000, 0x0000000083100000, 0x0000000083200000|  0%| F|  |TAMS 0x0000000083100000| PB 0x0000000083100000| Untracked 
|  22|0x0000000083200000, 0x0000000083200000, 0x0000000083300000|  0%| F|  |TAMS 0x0000000083200000| PB 0x0000000083200000| Untracked 
|  23|0x0000000083300000, 0x0000000083300000, 0x0000000083400000|  0%| F|  |TAMS 0x0000000083300000| PB 0x0000000083300000| Untracked 
|  24|0x0000000083400000, 0x0000000083400000, 0x0000000083500000|  0%| F|  |TAMS 0x0000000083400000| PB 0x0000000083400000| Untracked 
|  25|0x0000000083500000, 0x0000000083500000, 0x0000000083600000|  0%| F|  |TAMS 0x0000000083500000| PB 0x0000000083500000| Untracked 
|  26|0x0000000083600000, 0x0000000083600000, 0x0000000083700000|  0%| F|  |TAMS 0x0000000083600000| PB 0x0000000083600000| Untracked 
|  27|0x0000000083700000, 0x0000000083700000, 0x0000000083800000|  0%| F|  |TAMS 0x0000000083700000| PB 0x0000000083700000| Untracked 
|  28|0x0000000083800000, 0x0000000083800000, 0x0000000083900000|  0%| F|  |TAMS 0x0000000083800000| PB 0x0000000083800000| Untracked 
|  29|0x0000000083900000, 0x0000000083900000, 0x0000000083a00000|  0%| F|  |TAMS 0x0000000083900000| PB 0x0000000083900000| Untracked 
|  30|0x0000000083a00000, 0x0000000083a00000, 0x0000000083b00000|  0%| F|  |TAMS 0x0000000083a00000| PB 0x0000000083a00000| Untracked 
|  31|0x0000000083b00000, 0x0000000083b00000, 0x0000000083c00000|  0%| F|  |TAMS 0x0000000083b00000| PB 0x0000000083b00000| Untracked 
|  32|0x0000000083c00000, 0x0000000083c00000, 0x0000000083d00000|  0%| F|  |TAMS 0x0000000083c00000| PB 0x0000000083c00000| Untracked 
|  33|0x0000000083d00000, 0x0000000083d00000, 0x0000000083e00000|  0%| F|  |TAMS 0x0000000083d00000| PB 0x0000000083d00000| Untracked 
|  34|0x0000000083e00000, 0x0000000083e00000, 0x0000000083f00000|  0%| F|  |TAMS 0x0000000083e00000| PB 0x0000000083e00000| Untracked 
|  35|0x0000000083f00000, 0x0000000083f00000, 0x0000000084000000|  0%| F|  |TAMS 0x0000000083f00000| PB 0x0000000083f00000| Untracked 
|  36|0x0000000084000000, 0x0000000084000000, 0x0000000084100000|  0%| F|  |TAMS 0x0000000084000000| PB 0x0000000084000000| Untracked 
|  37|0x0000000084100000, 0x0000000084100000, 0x0000000084200000|  0%| F|  |TAMS 0x0000000084100000| PB 0x0000000084100000| Untracked 
|  38|0x0000000084200000, 0x0000000084200000, 0x0000000084300000|  0%| F|  |TAMS 0x0000000084200000| PB 0x0000000084200000| Untracked 
|  39|0x0000000084300000, 0x0000000084300000, 0x0000000084400000|  0%| F|  |TAMS 0x0000000084300000| PB 0x0000000084300000| Untracked 
|  40|0x0000000084400000, 0x0000000084400000, 0x0000000084500000|  0%| F|  |TAMS 0x0000000084400000| PB 0x0000000084400000| Untracked 
|  41|0x0000000084500000, 0x0000000084500000, 0x0000000084600000|  0%| F|  |TAMS 0x0000000084500000| PB 0x0000000084500000| Untracked 
|  42|0x0000000084600000, 0x0000000084600000, 0x0000000084700000|  0%| F|  |TAMS 0x0000000084600000| PB 0x0000000084600000| Untracked 
|  43|0x0000000084700000, 0x0000000084700000, 0x0000000084800000|  0%| F|  |TAMS 0x0000000084700000| PB 0x0000000084700000| Untracked 
|  44|0x0000000084800000, 0x0000000084800000, 0x0000000084900000|  0%| F|  |TAMS 0x0000000084800000| PB 0x0000000084800000| Untracked 
|  45|0x0000000084900000, 0x0000000084900000, 0x0000000084a00000|  0%| F|  |TAMS 0x0000000084900000| PB 0x0000000084900000| Untracked 
|  46|0x0000000084a00000, 0x0000000084a00000, 0x0000000084b00000|  0%| F|  |TAMS 0x0000000084a00000| PB 0x0000000084a00000| Untracked 
|  47|0x0000000084b00000, 0x0000000084b00000, 0x0000000084c00000|  0%| F|  |TAMS 0x0000000084b00000| PB 0x0000000084b00000| Untracked 
|  48|0x0000000084c00000, 0x0000000084c00000, 0x0000000084d00000|  0%| F|  |TAMS 0x0000000084c00000| PB 0x0000000084c00000| Untracked 
|  49|0x0000000084d00000, 0x0000000084d00000, 0x0000000084e00000|  0%| F|  |TAMS 0x0000000084d00000| PB 0x0000000084d00000| Untracked 
|  50|0x0000000084e00000, 0x0000000084e00000, 0x0000000084f00000|  0%| F|  |TAMS 0x0000000084e00000| PB 0x0000000084e00000| Untracked 
|  51|0x0000000084f00000, 0x0000000084f00000, 0x0000000085000000|  0%| F|  |TAMS 0x0000000084f00000| PB 0x0000000084f00000| Untracked 
|  52|0x0000000085000000, 0x0000000085000000, 0x0000000085100000|  0%| F|  |TAMS 0x0000000085000000| PB 0x0000000085000000| Untracked 
|  53|0x0000000085100000, 0x0000000085100000, 0x0000000085200000|  0%| F|  |TAMS 0x0000000085100000| PB 0x0000000085100000| Untracked 
|  54|0x0000000085200000, 0x0000000085200000, 0x0000000085300000|  0%| F|  |TAMS 0x0000000085200000| PB 0x0000000085200000| Untracked 
|  55|0x0000000085300000, 0x0000000085300000, 0x0000000085400000|  0%| F|  |TAMS 0x0000000085300000| PB 0x0000000085300000| Untracked 
|  56|0x0000000085400000, 0x0000000085400000, 0x0000000085500000|  0%| F|  |TAMS 0x0000000085400000| PB 0x0000000085400000| Untracked 
|  57|0x0000000085500000, 0x0000000085500000, 0x0000000085600000|  0%| F|  |TAMS 0x0000000085500000| PB 0x0000000085500000| Untracked 
|  58|0x0000000085600000, 0x0000000085600000, 0x0000000085700000|  0%| F|  |TAMS 0x0000000085600000| PB 0x0000000085600000| Untracked 
|  59|0x0000000085700000, 0x0000000085700000, 0x0000000085800000|  0%| F|  |TAMS 0x0000000085700000| PB 0x0000000085700000| Untracked 
|  60|0x0000000085800000, 0x0000000085800000, 0x0000000085900000|  0%| F|  |TAMS 0x0000000085800000| PB 0x0000000085800000| Untracked 
|  61|0x0000000085900000, 0x0000000085900000, 0x0000000085a00000|  0%| F|  |TAMS 0x0000000085900000| PB 0x0000000085900000| Untracked 
|  62|0x0000000085a00000, 0x0000000085a00000, 0x0000000085b00000|  0%| F|  |TAMS 0x0000000085a00000| PB 0x0000000085a00000| Untracked 
|  63|0x0000000085b00000, 0x0000000085b00000, 0x0000000085c00000|  0%| F|  |TAMS 0x0000000085b00000| PB 0x0000000085b00000| Untracked 
|  64|0x0000000085c00000, 0x0000000085c00000, 0x0000000085d00000|  0%| F|  |TAMS 0x0000000085c00000| PB 0x0000000085c00000| Untracked 
|  65|0x0000000085d00000, 0x0000000085d00000, 0x0000000085e00000|  0%| F|  |TAMS 0x0000000085d00000| PB 0x0000000085d00000| Untracked 
|  66|0x0000000085e00000, 0x0000000085e00000, 0x0000000085f00000|  0%| F|  |TAMS 0x0000000085e00000| PB 0x0000000085e00000| Untracked 
|  67|0x0000000085f00000, 0x0000000085f00000, 0x0000000086000000|  0%| F|  |TAMS 0x0000000085f00000| PB 0x0000000085f00000| Untracked 
|  68|0x0000000086000000, 0x0000000086000000, 0x0000000086100000|  0%| F|  |TAMS 0x0000000086000000| PB 0x0000000086000000| Untracked 
|  69|0x0000000086100000, 0x0000000086100000, 0x0000000086200000|  0%| F|  |TAMS 0x0000000086100000| PB 0x0000000086100000| Untracked 
|  70|0x0000000086200000, 0x0000000086200000, 0x0000000086300000|  0%| F|  |TAMS 0x0000000086200000| PB 0x0000000086200000| Untracked 
|  71|0x0000000086300000, 0x0000000086300000, 0x0000000086400000|  0%| F|  |TAMS 0x0000000086300000| PB 0x0000000086300000| Untracked 
|  72|0x0000000086400000, 0x0000000086400000, 0x0000000086500000|  0%| F|  |TAMS 0x0000000086400000| PB 0x0000000086400000| Untracked 
|  73|0x0000000086500000, 0x0000000086500000, 0x0000000086600000|  0%| F|  |TAMS 0x0000000086500000| PB 0x0000000086500000| Untracked 
|  74|0x0000000086600000, 0x0000000086600000, 0x0000000086700000|  0%| F|  |TAMS 0x0000000086600000| PB 0x0000000086600000| Untracked 
|  75|0x0000000086700000, 0x0000000086700000, 0x0000000086800000|  0%| F|  |TAMS 0x0000000086700000| PB 0x0000000086700000| Untracked 
|  76|0x0000000086800000, 0x0000000086800000, 0x0000000086900000|  0%| F|  |TAMS 0x0000000086800000| PB 0x0000000086800000| Untracked 
|  77|0x0000000086900000, 0x0000000086900000, 0x0000000086a00000|  0%| F|  |TAMS 0x0000000086900000| PB 0x0000000086900000| Untracked 
|  78|0x0000000086a00000, 0x0000000086a00000, 0x0000000086b00000|  0%| F|  |TAMS 0x0000000086a00000| PB 0x0000000086a00000| Untracked 
|  79|0x0000000086b00000, 0x0000000086b00000, 0x0000000086c00000|  0%| F|  |TAMS 0x0000000086b00000| PB 0x0000000086b00000| Untracked 
|  80|0x0000000086c00000, 0x0000000086c00000, 0x0000000086d00000|  0%| F|  |TAMS 0x0000000086c00000| PB 0x0000000086c00000| Untracked 
|  81|0x0000000086d00000, 0x0000000086d00000, 0x0000000086e00000|  0%| F|  |TAMS 0x0000000086d00000| PB 0x0000000086d00000| Untracked 
|  82|0x0000000086e00000, 0x0000000086e00000, 0x0000000086f00000|  0%| F|  |TAMS 0x0000000086e00000| PB 0x0000000086e00000| Untracked 
|  83|0x0000000086f00000, 0x0000000086f00000, 0x0000000087000000|  0%| F|  |TAMS 0x0000000086f00000| PB 0x0000000086f00000| Untracked 
|  84|0x0000000087000000, 0x0000000087000000, 0x0000000087100000|  0%| F|  |TAMS 0x0000000087000000| PB 0x0000000087000000| Untracked 
|  85|0x0000000087100000, 0x0000000087100000, 0x0000000087200000|  0%| F|  |TAMS 0x0000000087100000| PB 0x0000000087100000| Untracked 
|  86|0x0000000087200000, 0x0000000087200000, 0x0000000087300000|  0%| F|  |TAMS 0x0000000087200000| PB 0x0000000087200000| Untracked 
|  87|0x0000000087300000, 0x0000000087300000, 0x0000000087400000|  0%| F|  |TAMS 0x0000000087300000| PB 0x0000000087300000| Untracked 
|  88|0x0000000087400000, 0x0000000087400000, 0x0000000087500000|  0%| F|  |TAMS 0x0000000087400000| PB 0x0000000087400000| Untracked 
|  89|0x0000000087500000, 0x0000000087500000, 0x0000000087600000|  0%| F|  |TAMS 0x0000000087500000| PB 0x0000000087500000| Untracked 
|  90|0x0000000087600000, 0x0000000087600000, 0x0000000087700000|  0%| F|  |TAMS 0x0000000087600000| PB 0x0000000087600000| Untracked 
|  91|0x0000000087700000, 0x0000000087700000, 0x0000000087800000|  0%| F|  |TAMS 0x0000000087700000| PB 0x0000000087700000| Untracked 
|  92|0x0000000087800000, 0x0000000087800000, 0x0000000087900000|  0%| F|  |TAMS 0x0000000087800000| PB 0x0000000087800000| Untracked 
|  93|0x0000000087900000, 0x0000000087900000, 0x0000000087a00000|  0%| F|  |TAMS 0x0000000087900000| PB 0x0000000087900000| Untracked 
|  94|0x0000000087a00000, 0x0000000087a00000, 0x0000000087b00000|  0%| F|  |TAMS 0x0000000087a00000| PB 0x0000000087a00000| Untracked 
|  95|0x0000000087b00000, 0x0000000087b00000, 0x0000000087c00000|  0%| F|  |TAMS 0x0000000087b00000| PB 0x0000000087b00000| Untracked 
|  96|0x0000000087c00000, 0x0000000087c00000, 0x0000000087d00000|  0%| F|  |TAMS 0x0000000087c00000| PB 0x0000000087c00000| Untracked 
|  97|0x0000000087d00000, 0x0000000087d00000, 0x0000000087e00000|  0%| F|  |TAMS 0x0000000087d00000| PB 0x0000000087d00000| Untracked 
|  98|0x0000000087e00000, 0x0000000087e00000, 0x0000000087f00000|  0%| F|  |TAMS 0x0000000087e00000| PB 0x0000000087e00000| Untracked 
|  99|0x0000000087f00000, 0x0000000087f00000, 0x0000000088000000|  0%| F|  |TAMS 0x0000000087f00000| PB 0x0000000087f00000| Untracked 
| 100|0x0000000088000000, 0x0000000088000000, 0x0000000088100000|  0%| F|  |TAMS 0x0000000088000000| PB 0x0000000088000000| Untracked 
| 101|0x0000000088100000, 0x0000000088100000, 0x0000000088200000|  0%| F|  |TAMS 0x0000000088100000| PB 0x0000000088100000| Untracked 
| 102|0x0000000088200000, 0x0000000088200000, 0x0000000088300000|  0%| F|  |TAMS 0x0000000088200000| PB 0x0000000088200000| Untracked 
| 103|0x0000000088300000, 0x0000000088300000, 0x0000000088400000|  0%| F|  |TAMS 0x0000000088300000| PB 0x0000000088300000| Untracked 
| 104|0x0000000088400000, 0x0000000088400000, 0x0000000088500000|  0%| F|  |TAMS 0x0000000088400000| PB 0x0000000088400000| Untracked 
| 105|0x0000000088500000, 0x0000000088500000, 0x0000000088600000|  0%| F|  |TAMS 0x0000000088500000| PB 0x0000000088500000| Untracked 
| 106|0x0000000088600000, 0x0000000088600000, 0x0000000088700000|  0%| F|  |TAMS 0x0000000088600000| PB 0x0000000088600000| Untracked 
| 107|0x0000000088700000, 0x0000000088700000, 0x0000000088800000|  0%| F|  |TAMS 0x0000000088700000| PB 0x0000000088700000| Untracked 
| 108|0x0000000088800000, 0x0000000088800000, 0x0000000088900000|  0%| F|  |TAMS 0x0000000088800000| PB 0x0000000088800000| Untracked 
| 109|0x0000000088900000, 0x0000000088900000, 0x0000000088a00000|  0%| F|  |TAMS 0x0000000088900000| PB 0x0000000088900000| Untracked 
| 110|0x0000000088a00000, 0x0000000088a00000, 0x0000000088b00000|  0%| F|  |TAMS 0x0000000088a00000| PB 0x0000000088a00000| Untracked 
| 111|0x0000000088b00000, 0x0000000088b00000, 0x0000000088c00000|  0%| F|  |TAMS 0x0000000088b00000| PB 0x0000000088b00000| Untracked 
| 112|0x0000000088c00000, 0x0000000088c00000, 0x0000000088d00000|  0%| F|  |TAMS 0x0000000088c00000| PB 0x0000000088c00000| Untracked 
| 113|0x0000000088d00000, 0x0000000088d00000, 0x0000000088e00000|  0%| F|  |TAMS 0x0000000088d00000| PB 0x0000000088d00000| Untracked 
| 114|0x0000000088e00000, 0x0000000088e00000, 0x0000000088f00000|  0%| F|  |TAMS 0x0000000088e00000| PB 0x0000000088e00000| Untracked 
| 115|0x0000000088f00000, 0x0000000088f00000, 0x0000000089000000|  0%| F|  |TAMS 0x0000000088f00000| PB 0x0000000088f00000| Untracked 
| 116|0x0000000089000000, 0x0000000089000000, 0x0000000089100000|  0%| F|  |TAMS 0x0000000089000000| PB 0x0000000089000000| Untracked 
| 117|0x0000000089100000, 0x0000000089100000, 0x0000000089200000|  0%| F|  |TAMS 0x0000000089100000| PB 0x0000000089100000| Untracked 
| 118|0x0000000089200000, 0x0000000089200000, 0x0000000089300000|  0%| F|  |TAMS 0x0000000089200000| PB 0x0000000089200000| Untracked 
| 119|0x0000000089300000, 0x0000000089300000, 0x0000000089400000|  0%| F|  |TAMS 0x0000000089300000| PB 0x0000000089300000| Untracked 
| 120|0x0000000089400000, 0x00000000894f6df0, 0x0000000089500000| 96%| E|  |TAMS 0x0000000089400000| PB 0x0000000089400000| Complete 
| 121|0x0000000089500000, 0x0000000089600000, 0x0000000089600000|100%| E|CS|TAMS 0x0000000089500000| PB 0x0000000089500000| Complete 
| 122|0x0000000089600000, 0x0000000089700000, 0x0000000089700000|100%| E|CS|TAMS 0x0000000089600000| PB 0x0000000089600000| Complete 
| 123|0x0000000089700000, 0x0000000089800000, 0x0000000089800000|100%| E|CS|TAMS 0x0000000089700000| PB 0x0000000089700000| Complete 
| 124|0x0000000089800000, 0x0000000089900000, 0x0000000089900000|100%| E|CS|TAMS 0x0000000089800000| PB 0x0000000089800000| Complete 
| 125|0x0000000089900000, 0x0000000089a00000, 0x0000000089a00000|100%| E|CS|TAMS 0x0000000089900000| PB 0x0000000089900000| Complete 
| 126|0x0000000089a00000, 0x0000000089b00000, 0x0000000089b00000|100%| E|CS|TAMS 0x0000000089a00000| PB 0x0000000089a00000| Complete 
| 127|0x0000000089b00000, 0x0000000089c00000, 0x0000000089c00000|100%| E|CS|TAMS 0x0000000089b00000| PB 0x0000000089b00000| Complete 

Card table byte_map: [0x000002c2383e0000,0x000002c2387e0000] _byte_map_base: 0x000002c237fd2000

Marking Bits: (CMBitMap*) 0x000002c220f8b0a0
 Bits: [0x000002c238be0000, 0x000002c23ab70000)

Polling page: 0x000002c2206f0000

Metaspace:

Usage:
  Non-class:      9.59 MB used.
      Class:    923.69 KB used.
       Both:     10.50 MB used.

Virtual space:
  Non-class space:       64.00 MB reserved,       9.62 MB ( 15%) committed,  1 nodes.
      Class space:        1.00 GB reserved,       1.00 MB ( <1%) committed,  1 nodes.
             Both:        1.06 GB reserved,      10.62 MB ( <1%) committed. 

Chunk freelists:
   Non-Class:  1.88 MB
       Class:  3.01 MB
        Both:  4.89 MB

MaxMetaspaceSize: unlimited
CompressedClassSpaceSize: 1.00 GB
Initial GC threshold: 21.00 MB
Current GC threshold: 21.00 MB
CDS: off
MetaspaceReclaimPolicy: balanced
 - commit_granule_bytes: 65536.
 - commit_granule_words: 8192.
 - virtual_space_node_default_size: 8388608.
 - enlarge_chunks_in_place: 1.
 - new_chunks_are_fully_committed: 0.
 - uncommit_free_chunks: 1.
 - use_allocation_guard: 0.


Internal statistics:

num_allocs_failed_limit: 0.
num_arena_births: 54.
num_arena_deaths: 0.
num_vsnodes_births: 2.
num_vsnodes_deaths: 0.
num_space_committed: 170.
num_space_uncommitted: 0.
num_chunks_returned_to_freelist: 0.
num_chunks_taken_from_freelist: 150.
num_chunk_merges: 0.
num_chunk_splits: 94.
num_chunks_enlarged: 61.
num_inconsistent_stats: 0.

CodeHeap 'non-profiled nmethods': size=120000Kb used=210Kb max_used=210Kb free=119789Kb
 bounds [0x000002c230ab0000, 0x000002c230d20000, 0x000002c237fe0000]
CodeHeap 'profiled nmethods': size=120000Kb used=769Kb max_used=769Kb free=119230Kb
 bounds [0x000002c228fe0000, 0x000002c229250000, 0x000002c230510000]
CodeHeap 'non-nmethods': size=5760Kb used=1421Kb max_used=1441Kb free=4338Kb
 bounds [0x000002c230510000, 0x000002c230780000, 0x000002c230ab0000]
 total_blobs=1048 nmethods=581 adapters=378
 compilation: enabled
              stopped_count=0, restarted_count=0
 full_count=0

Compilation events (20 events):
Event: 1.160 Thread 0x000002c2414b6e90  572       3       jdk.internal.access.SharedSecrets::javaUtilJarAccess (19 bytes)
Event: 1.161 Thread 0x000002c2414b6e90 nmethod 572 0x000002c22909d410 code [0x000002c22909d600, 0x000002c22909da68]
Event: 1.161 Thread 0x000002c2414b6e90  573       1       java.util.jar.Manifest::getEntries (5 bytes)
Event: 1.161 Thread 0x000002c2414b6e90 nmethod 573 0x000002c230ae3910 code [0x000002c230ae3a80, 0x000002c230ae3b48]
Event: 1.161 Thread 0x000002c2414b6e90  574       1       java.util.jar.Manifest::getMainAttributes (5 bytes)
Event: 1.161 Thread 0x000002c2414b6e90 nmethod 574 0x000002c230ae3c10 code [0x000002c230ae3d80, 0x000002c230ae3e48]
Event: 1.161 Thread 0x000002c2414b6e90  575       1       java.util.zip.ZipEntry::getCrc (5 bytes)
Event: 1.161 Thread 0x000002c2414b6e90 nmethod 575 0x000002c230ae3f10 code [0x000002c230ae4080, 0x000002c230ae4148]
Event: 1.162 Thread 0x000002c2414b6e90  576       3       jdk.internal.loader.ClassLoaders$AppClassLoader::loadClass (40 bytes)
Event: 1.162 Thread 0x000002c2414b6e90 nmethod 576 0x000002c22909dd10 code [0x000002c22909dee0, 0x000002c22909e2c0]
Event: 1.163 Thread 0x000002c2418e70c0  577       4       jdk.internal.jimage.ImageStringsReader::unmaskedHashCode (166 bytes)
Event: 1.163 Thread 0x000002c24144b880  578       4       java.nio.Buffer::session (20 bytes)
Event: 1.164 Thread 0x000002c2414b6e90  579       3       jdk.internal.jimage.ImageLocation::verify (218 bytes)
Event: 1.165 Thread 0x000002c2414b6e90 nmethod 579 0x000002c22909e490 code [0x000002c22909e720, 0x000002c22909f3b0]
Event: 1.165 Thread 0x000002c24144b880 nmethod 578 0x000002c230ae4210 code [0x000002c230ae4380, 0x000002c230ae4428]
Event: 1.165 Thread 0x000002c2414b6e90  580       3       java.util.Optional::empty (6 bytes)
Event: 1.165 Thread 0x000002c2414b6e90 nmethod 580 0x000002c22909f910 code [0x000002c22909faa0, 0x000002c22909fb98]
Event: 1.166 Thread 0x000002c2418e70c0 nmethod 577 0x000002c230ae4510 code [0x000002c230ae46a0, 0x000002c230ae4840]
Event: 1.195 Thread 0x000002c2414b6e90  581       3       jdk.internal.org.objectweb.asm.AnnotationWriter::putAnnotations (67 bytes)
Event: 1.196 Thread 0x000002c2414b6e90 nmethod 581 0x000002c22909fc10 code [0x000002c22909fe00, 0x000002c2290a01d8]

GC Heap History (0 events):
No events

Dll operation events (10 events):
Event: 0.012 Loaded shared library C:\Program Files\Java\jdk-20\bin\java.dll
Event: 0.132 Loaded shared library C:\Program Files\Java\jdk-20\bin\jsvml.dll
Event: 0.586 Loaded shared library C:\Program Files\Java\jdk-20\bin\zip.dll
Event: 0.590 Loaded shared library C:\Program Files\Java\jdk-20\bin\instrument.dll
Event: 0.618 Loaded shared library C:\Program Files\Java\jdk-20\bin\net.dll
Event: 0.621 Loaded shared library C:\Program Files\Java\jdk-20\bin\nio.dll
Event: 0.640 Loaded shared library C:\Program Files\Java\jdk-20\bin\zip.dll
Event: 0.668 Loaded shared library C:\Program Files\JetBrains\IntelliJ IDEA 2023.2.5\bin\breakgen64.dll
Event: 0.686 Loaded shared library C:\Program Files\Java\jdk-20\bin\jimage.dll
Event: 0.749 Loaded shared library C:\Program Files\Java\jdk-20\bin\extnet.dll

Deoptimization events (20 events):
Event: 0.772 Thread 0x000002c220f2e9c0 Uncommon trap: trap_request=0xffffffde fr.pc=0x000002c230abde0c relative=0x000000000000098c
Event: 0.772 Thread 0x000002c220f2e9c0 Uncommon trap: reason=class_check action=maybe_recompile pc=0x000002c230abde0c method=java.util.HashMap.putVal(ILjava/lang/Object;Ljava/lang/Object;ZZ)Ljava/lang/Object; @ 152 c2
Event: 0.772 Thread 0x000002c220f2e9c0 DEOPT PACKING pc=0x000002c230abde0c sp=0x000000f3a08fda70
Event: 0.772 Thread 0x000002c220f2e9c0 DEOPT UNPACKING pc=0x000002c230579d22 sp=0x000000f3a08fda00 mode 2
Event: 0.772 Thread 0x000002c220f2e9c0 Uncommon trap: trap_request=0xffffffde fr.pc=0x000002c230abde0c relative=0x000000000000098c
Event: 0.772 Thread 0x000002c220f2e9c0 Uncommon trap: reason=class_check action=maybe_recompile pc=0x000002c230abde0c method=java.util.HashMap.putVal(ILjava/lang/Object;Ljava/lang/Object;ZZ)Ljava/lang/Object; @ 152 c2
Event: 0.772 Thread 0x000002c220f2e9c0 DEOPT PACKING pc=0x000002c230abde0c sp=0x000000f3a08fda70
Event: 0.772 Thread 0x000002c220f2e9c0 DEOPT UNPACKING pc=0x000002c230579d22 sp=0x000000f3a08fda00 mode 2
Event: 0.772 Thread 0x000002c220f2e9c0 Uncommon trap: trap_request=0xffffffde fr.pc=0x000002c230abde0c relative=0x000000000000098c
Event: 0.772 Thread 0x000002c220f2e9c0 Uncommon trap: reason=class_check action=maybe_recompile pc=0x000002c230abde0c method=java.util.HashMap.putVal(ILjava/lang/Object;Ljava/lang/Object;ZZ)Ljava/lang/Object; @ 152 c2
Event: 0.772 Thread 0x000002c220f2e9c0 DEOPT PACKING pc=0x000002c230abde0c sp=0x000000f3a08fda70
Event: 0.772 Thread 0x000002c220f2e9c0 DEOPT UNPACKING pc=0x000002c230579d22 sp=0x000000f3a08fda00 mode 2
Event: 0.906 Thread 0x000002c220f2e9c0 DEOPT PACKING pc=0x000002c228fe0b92 sp=0x000000f3a08fded0
Event: 0.906 Thread 0x000002c220f2e9c0 DEOPT UNPACKING pc=0x000002c23057a4c2 sp=0x000000f3a08fd348 mode 0
Event: 1.052 Thread 0x000002c220f2e9c0 DEOPT PACKING pc=0x000002c229008b57 sp=0x000000f3a08fa8d0
Event: 1.052 Thread 0x000002c220f2e9c0 DEOPT UNPACKING pc=0x000002c23057a4c2 sp=0x000000f3a08f9cf0 mode 0
Event: 1.057 Thread 0x000002c220f2e9c0 DEOPT PACKING pc=0x000002c22905422e sp=0x000000f3a08fe290
Event: 1.057 Thread 0x000002c220f2e9c0 DEOPT UNPACKING pc=0x000002c23057a4c2 sp=0x000000f3a08fd730 mode 0
Event: 1.094 Thread 0x000002c220f2e9c0 DEOPT PACKING pc=0x000002c228feb5c1 sp=0x000000f3a08fd580
Event: 1.094 Thread 0x000002c220f2e9c0 DEOPT UNPACKING pc=0x000002c23057a4c2 sp=0x000000f3a08fc9f8 mode 0

Classes loaded (20 events):
Event: 1.163 Loading class java/util/concurrent/ConcurrentSkipListMap$KeySet done
Event: 1.163 Loading class java/util/concurrent/ConcurrentSkipListMap$KeyIterator
Event: 1.163 Loading class java/util/concurrent/ConcurrentSkipListMap$Iter
Event: 1.163 Loading class java/util/concurrent/ConcurrentSkipListMap$Iter done
Event: 1.163 Loading class java/util/concurrent/ConcurrentSkipListMap$KeyIterator done
Event: 1.163 Loading class java/net/InetAddress$NameServiceAddresses
Event: 1.163 Loading class java/net/InetAddress$Addresses
Event: 1.163 Loading class java/net/InetAddress$Addresses done
Event: 1.163 Loading class java/net/InetAddress$NameServiceAddresses done
Event: 1.163 Loading class java/net/spi/InetAddressResolverProvider
Event: 1.163 Loading class java/net/spi/InetAddressResolverProvider done
Event: 1.196 Loading class java/util/stream/Nodes$FixedNodeBuilder
Event: 1.196 Loading class java/util/stream/Nodes$ArrayNode
Event: 1.196 Loading class java/util/stream/Nodes$ArrayNode done
Event: 1.196 Loading class java/util/stream/Nodes$FixedNodeBuilder done
Event: 1.196 Loading class sun/net/InetAddressCachePolicy
Event: 1.196 Loading class sun/net/InetAddressCachePolicy done
Event: 1.196 Loading class sun/net/InetAddressCachePolicy$1
Event: 1.196 Loading class sun/net/InetAddressCachePolicy$1 done
Event: 1.196 Loading class java/security/Security

Classes unloaded (0 events):
No events

Classes redefined (0 events):
No events

Internal exceptions (6 events):
Event: 0.656 Thread 0x000002c220f2e9c0 Exception <a 'java/lang/NoSuchMethodError'{0x000000008992d7a0}: 'void java.lang.invoke.DirectMethodHandle$Holder.invokeStatic(java.lang.Object, java.lang.Object, java.lang.Object)'> (0x000000008992d7a0) 
thrown [s\open\src\hotspot\share\interpreter\linkResolver.cpp, line 773]
Event: 0.662 Thread 0x000002c220f2e9c0 Exception <a 'java/lang/NoSuchMethodError'{0x0000000089944dd8}: 'java.lang.Object java.lang.invoke.Invokers$Holder.invokeExact_MT(java.lang.Object, java.lang.Object, java.lang.Object, java.lang.Object, java.lang.Object)'> (0x0000000089944dd8) 
thrown [s\open\src\hotspot\share\interpreter\linkResolver.cpp, line 773]
Event: 0.750 Thread 0x000002c241739450 Exception <a 'java/lang/NoSuchMethodError'{0x000000008998cc00}: 'void java.lang.invoke.DirectMethodHandle$Holder.invokeStatic(java.lang.Object, java.lang.Object)'> (0x000000008998cc00) 
thrown [s\open\src\hotspot\share\interpreter\linkResolver.cpp, line 773]
Event: 0.928 Thread 0x000002c220f2e9c0 Exception <a 'java/lang/NoSuchMethodError'{0x00000000897339b8}: 'java.lang.Object java.lang.invoke.DirectMethodHandle$Holder.invokeInterface(java.lang.Object, java.lang.Object)'> (0x00000000897339b8) 
thrown [s\open\src\hotspot\share\interpreter\linkResolver.cpp, line 773]
Event: 1.000 Thread 0x000002c220f2e9c0 Exception <a 'java/lang/NoSuchMethodError'{0x00000000897af6b8}: 'void java.lang.invoke.DirectMethodHandle$Holder.invokeSpecial(java.lang.Object, java.lang.Object, java.lang.Object)'> (0x00000000897af6b8) 
thrown [s\open\src\hotspot\share\interpreter\linkResolver.cpp, line 773]
Event: 1.003 Thread 0x000002c220f2e9c0 Exception <a 'java/lang/NoSuchMethodError'{0x00000000897bc328}: 'java.lang.Object java.lang.invoke.DirectMethodHandle$Holder.invokeVirtual(java.lang.Object, java.lang.Object, java.lang.Object)'> (0x00000000897bc328) 
thrown [s\open\src\hotspot\share\interpreter\linkResolver.cpp, line 773]

VM Operations (10 events):
Event: 0.566 Executing VM operation: HandshakeAllThreads
Event: 0.566 Executing VM operation: HandshakeAllThreads done
Event: 0.689 Executing VM operation: HandshakeAllThreads
Event: 0.707 Executing VM operation: HandshakeAllThreads done
Event: 0.783 Executing VM operation: HandshakeAllThreads
Event: 0.783 Executing VM operation: HandshakeAllThreads done
Event: 0.799 Executing VM operation: HandshakeAllThreads
Event: 0.819 Executing VM operation: HandshakeAllThreads done
Event: 0.962 Executing VM operation: HandshakeAllThreads
Event: 0.990 Executing VM operation: HandshakeAllThreads done

Events (14 events):
Event: 0.133 Thread 0x000002c220f2e9c0 Thread added: 0x000002c220f2e9c0
Event: 0.228 Thread 0x000002c2414448f0 Thread added: 0x000002c2414448f0
Event: 0.228 Thread 0x000002c2414456f0 Thread added: 0x000002c2414456f0
Event: 0.230 Thread 0x000002c241449050 Thread added: 0x000002c241449050
Event: 0.230 Thread 0x000002c241449990 Thread added: 0x000002c241449990
Event: 0.230 Thread 0x000002c24144a2d0 Thread added: 0x000002c24144a2d0
Event: 0.231 Thread 0x000002c24144ac10 Thread added: 0x000002c24144ac10
Event: 0.231 Thread 0x000002c24144b880 Thread added: 0x000002c24144b880
Event: 0.242 Thread 0x000002c2414b6e90 Thread added: 0x000002c2414b6e90
Event: 0.526 Thread 0x000002c2415f5020 Thread added: 0x000002c2415f5020
Event: 0.669 Thread 0x000002c241739450 Thread added: 0x000002c241739450
Event: 0.669 Thread 0x000002c24179b0c0 Thread added: 0x000002c24179b0c0
Event: 0.791 Thread 0x000002c2417f8ca0 Thread added: 0x000002c2417f8ca0
Event: 0.953 Thread 0x000002c2418e70c0 Thread added: 0x000002c2418e70c0


Dynamic libraries:
0x00007ff69a080000 - 0x00007ff69a090000 	C:\Program Files\Java\jdk-20\bin\java.exe
0x00007fff2ae90000 - 0x00007fff2b087000 	C:\Windows\SYSTEM32\ntdll.dll
0x00007fff2a510000 - 0x00007fff2a5cd000 	C:\Windows\System32\KERNEL32.DLL
0x00007fff28900000 - 0x00007fff28bf6000 	C:\Windows\System32\KERNELBASE.dll
0x00007fff25d00000 - 0x00007fff25d90000 	C:\Windows\SYSTEM32\apphelp.dll
0x00007fff28800000 - 0x00007fff28900000 	C:\Windows\System32\ucrtbase.dll
0x00007fff21b40000 - 0x00007fff21b59000 	C:\Program Files\Java\jdk-20\bin\jli.dll
0x00007fff293e0000 - 0x00007fff2948e000 	C:\Windows\System32\ADVAPI32.dll
0x00007fff28f10000 - 0x00007fff28fae000 	C:\Windows\System32\msvcrt.dll
0x00007fff2a360000 - 0x00007fff2a3fc000 	C:\Windows\System32\sechost.dll
0x00007fff2acc0000 - 0x00007fff2ade6000 	C:\Windows\System32\RPCRT4.dll
0x00007fff29170000 - 0x00007fff2930e000 	C:\Windows\System32\USER32.dll
0x00007fff28ec0000 - 0x00007fff28ee2000 	C:\Windows\System32\win32u.dll
0x00007fff29140000 - 0x00007fff2916c000 	C:\Windows\System32\GDI32.dll
0x00007fff28c00000 - 0x00007fff28d1a000 	C:\Windows\System32\gdi32full.dll
0x00007fff28570000 - 0x00007fff2860d000 	C:\Windows\System32\msvcp_win.dll
0x00007fff21b20000 - 0x00007fff21b3b000 	C:\Program Files\Java\jdk-20\bin\VCRUNTIME140.dll
0x00007fff13d70000 - 0x00007fff1400a000 	C:\Windows\WinSxS\amd64_microsoft.windows.common-controls_6595b64144ccf1df_6.0.19041.3570_none_60bb2a3971f3e41a\COMCTL32.dll
0x00007fff18c00000 - 0x00007fff18c0a000 	C:\Windows\SYSTEM32\VERSION.dll
0x00007fff29d20000 - 0x00007fff29d50000 	C:\Windows\System32\IMM32.DLL
0x00007fff23b90000 - 0x00007fff23b9c000 	C:\Program Files\Java\jdk-20\bin\vcruntime140_1.dll
0x00007ffef8c20000 - 0x00007ffef8cae000 	C:\Program Files\Java\jdk-20\bin\msvcp140.dll
0x00007ffede880000 - 0x00007ffedf517000 	C:\Program Files\Java\jdk-20\bin\server\jvm.dll
0x00007fff23be0000 - 0x00007fff23be9000 	C:\Windows\SYSTEM32\WSOCK32.dll
0x00007fff29f90000 - 0x00007fff29ffb000 	C:\Windows\System32\WS2_32.dll
0x00007fff0e5d0000 - 0x00007fff0e5f7000 	C:\Windows\SYSTEM32\WINMM.dll
0x00007fff26da0000 - 0x00007fff26db2000 	C:\Windows\SYSTEM32\kernel.appcore.dll
0x00007fff21b10000 - 0x00007fff21b1a000 	C:\Program Files\Java\jdk-20\bin\jimage.dll
0x00007fff23cb0000 - 0x00007fff23e94000 	C:\Windows\SYSTEM32\DBGHELP.DLL
0x00007fff0e4c0000 - 0x00007fff0e4f4000 	C:\Windows\SYSTEM32\dbgcore.DLL
0x00007fff28770000 - 0x00007fff287f2000 	C:\Windows\System32\bcryptPrimitives.dll
0x00007fff1fdf0000 - 0x00007fff1fdfe000 	C:\Program Files\Java\jdk-20\bin\instrument.dll
0x00007fff1fd70000 - 0x00007fff1fd96000 	C:\Program Files\Java\jdk-20\bin\java.dll
0x00007ffeeeca0000 - 0x00007ffeeed77000 	C:\Program Files\Java\jdk-20\bin\jsvml.dll
0x00007fff29490000 - 0x00007fff29bd4000 	C:\Windows\System32\SHELL32.dll
0x00007fff265f0000 - 0x00007fff26d8b000 	C:\Windows\SYSTEM32\windows.storage.dll
0x00007fff2a000000 - 0x00007fff2a354000 	C:\Windows\System32\combase.dll
0x00007fff27ee0000 - 0x00007fff27f0d000 	C:\Windows\SYSTEM32\Wldp.dll
0x00007fff2ac10000 - 0x00007fff2acbd000 	C:\Windows\System32\SHCORE.dll
0x00007fff2adf0000 - 0x00007fff2ae45000 	C:\Windows\System32\shlwapi.dll
0x00007fff284a0000 - 0x00007fff284c5000 	C:\Windows\SYSTEM32\profapi.dll
0x00007fff17a70000 - 0x00007fff17a88000 	C:\Program Files\Java\jdk-20\bin\zip.dll
0x00007fff17a50000 - 0x00007fff17a63000 	C:\Program Files\Java\jdk-20\bin\net.dll
0x00007fff187a0000 - 0x00007fff188aa000 	C:\Windows\SYSTEM32\WINHTTP.dll
0x00007fff27c40000 - 0x00007fff27caa000 	C:\Windows\system32\mswsock.dll
0x00007fff17a30000 - 0x00007fff17a46000 	C:\Program Files\Java\jdk-20\bin\nio.dll
0x00007fff17820000 - 0x00007fff1783a000 	C:\Program Files\JetBrains\IntelliJ IDEA 2023.2.5\bin\breakgen64.dll
0x00007fff17810000 - 0x00007fff17817000 	C:\Program Files\Java\jdk-20\bin\extnet.dll
0x00007fff27970000 - 0x00007fff27a3a000 	C:\Windows\SYSTEM32\DNSAPI.dll
0x00007fff27930000 - 0x00007fff2796b000 	C:\Windows\SYSTEM32\IPHLPAPI.DLL
0x00007fff2aa40000 - 0x00007fff2aa48000 	C:\Windows\System32\NSI.dll
0x00007fff21440000 - 0x00007fff2144a000 	C:\Windows\System32\rasadhlp.dll
0x00007fff15250000 - 0x00007fff152d2000 	C:\Windows\System32\fwpuclnt.dll
0x00007fff28e40000 - 0x00007fff28e67000 	C:\Windows\System32\bcrypt.dll

dbghelp: loaded successfully - version: 4.0.5 - missing functions: none
symbol engine: initialized successfully - sym options: 0x614 - pdb path: .;C:\Program Files\Java\jdk-20\bin;C:\Windows\SYSTEM32;C:\Windows\WinSxS\amd64_microsoft.windows.common-controls_6595b64144ccf1df_6.0.19041.3570_none_60bb2a3971f3e41a;C:\Program Files\Java\jdk-20\bin\server;C:\Program Files\JetBrains\IntelliJ IDEA 2023.2.5\bin

VM Arguments:
jvm_args: -javaagent:C:\Program Files\JetBrains\IntelliJ IDEA 2023.2.5\lib\idea_rt.jar=51593:C:\Program Files\JetBrains\IntelliJ IDEA 2023.2.5\bin -Dfile.encoding=UTF-8 -Dsun.stdout.encoding=UTF-8 -Dsun.stderr.encoding=UTF-8 
java_command: Main
java_class_path (initial): C:\Users\iTECH\IdeaProjects\final_swe\out\production\Insta-pay;C:\Users\iTECH\Downloads\mysql-connector-j-8.2.0\mysql-connector-j-8.2.0\mysql-connector-j-8.2.0.jar
Launcher Type: SUN_STANDARD

[Global flags]
     intx CICompilerCount                          = 3                                         {product} {ergonomic}
     uint ConcGCThreads                            = 1                                         {product} {ergonomic}
     uint G1ConcRefinementThreads                  = 4                                         {product} {ergonomic}
   size_t G1HeapRegionSize                         = 1048576                                   {product} {ergonomic}
    uintx GCDrainStackTargetSize                   = 64                                        {product} {ergonomic}
   size_t InitialHeapSize                          = 134217728                                 {product} {ergonomic}
   size_t MarkStackSize                            = 4194304                                   {product} {ergonomic}
   size_t MaxHeapSize                              = 2118123520                                {product} {ergonomic}
   size_t MaxNewSize                               = 1270874112                                {product} {ergonomic}
   size_t MinHeapDeltaBytes                        = 1048576                                   {product} {ergonomic}
   size_t MinHeapSize                              = 8388608                                   {product} {ergonomic}
    uintx NonNMethodCodeHeapSize                   = 5832780                                {pd product} {ergonomic}
    uintx NonProfiledCodeHeapSize                  = 122912730                              {pd product} {ergonomic}
    uintx ProfiledCodeHeapSize                     = 122912730                              {pd product} {ergonomic}
    uintx ReservedCodeCacheSize                    = 251658240                              {pd product} {ergonomic}
     bool SegmentedCodeCache                       = true                                      {product} {ergonomic}
   size_t SoftMaxHeapSize                          = 2118123520                             {manageable} {ergonomic}
     bool UseCompressedClassPointers               = true                           {product lp64_product} {ergonomic}
     bool UseCompressedOops                        = true                           {product lp64_product} {ergonomic}
     bool UseG1GC                                  = true                                      {product} {ergonomic}
     bool UseLargePagesIndividualAllocation        = false                                  {pd product} {ergonomic}

Logging:
Log output configuration:
 #0: stdout all=warning uptime,level,tags foldmultilines=false
 #1: stderr all=off uptime,level,tags foldmultilines=false

Environment Variables:
PATH=C:\Program Files (x86)\VMware\VMware Player\bin\;C:\Program Files\Common Files\Oracle\Java\javapath;C:\Program Files (x86)\Common Files\Oracle\Java\javapath;C:\Program Files\Scripts\;C:\Program Files\;C:\Windows\system32;C:\Windows;C:\Windows\System32\Wbem;C:\Windows\System32\WindowsPowerShell\v1.0\;C:\Windows\System32\OpenSSH\;C:\Program Files (x86)\Microsoft SQL Server\160\Tools\Binn\;C:\Program Files\Microsoft SQL Server\160\Tools\Binn\;C:\Program Files\Microsoft SQL Server\Client SDK\ODBC\170\Tools\Binn\;C:\Program Files\Microsoft SQL Server\160\DTS\Binn\;C:\Program Files (x86)\Microsoft SQL Server\160\DTS\Binn\;C:\Program Files (x86)\nodejs\;C:\ProgramData\chocolatey\bin;C:\Program Files\dotnet\;C:\Program Files\Git\cmd;C:\Users\iTECH\AppData\Local\Microsoft\WindowsApps;;C:\Users\iTECH\AppData\Local\Programs\Microsoft VS Code\bin;C:\Program Files\Azure Data Studio\bin;C:\Users\iTECH\AppData\Roaming\npm
USERNAME=iTECH
OS=Windows_NT
PROCESSOR_IDENTIFIER=Intel64 Family 6 Model 158 Stepping 9, GenuineIntel
TMP=C:\Users\iTECH\AppData\Local\Temp
TEMP=C:\Users\iTECH\AppData\Local\Temp




---------------  S Y S T E M  ---------------

OS:
 Windows 10 , 64 bit Build 19041 (10.0.19041.3570)
OS uptime: 3 days 3:51 hours

CPU: total 4 (initial active 4) (4 cores per cpu, 1 threads per core) family 6 model 158 stepping 9 microcode 0xb4, cx8, cmov, fxsr, mmx, 3dnowpref, sse, sse2, sse3, ssse3, sse4.1, sse4.2, popcnt, lzcnt, tsc, tscinvbit, avx, avx2, aes, erms, clmul, bmi1, bmi2, rtm, adx, fma, vzeroupper, clflush, clflushopt, rdtscp, f16c

Memory: 4k page, system-wide physical 8073M (551M free)
TotalPageFile size 17836M (AvailPageFile size 3M)
current process WorkingSet (physical memory assigned to process): 49M, peak: 49M
current process commit charge ("private bytes"): 204M, peak: 204M

vm_info: Java HotSpot(TM) 64-Bit Server VM (20.0.1+9-29) for windows-amd64 JRE (20.0.1+9-29), built on 2023-03-07T13:56:11Z by "mach5one" with MS VC++ 17.1 (VS2022)

END.
